UnityProyect/Library/Bee/Android/Prj/IL2CPP/Gradle/launcher/build/intermediates/manifest_merge_blame_file/debug/manifest-merger-blame-debug-report.txt
1<?xml version="1.0" encoding="utf-8"?>
2<manifest xmlns:android="http://schemas.android.com/apk/res/android"
3    package="com.DefaultCompany.Oculus"
4    android:installLocation="auto"
5    android:versionCode="1"
6    android:versionName="0.1" >
7
8    <uses-sdk
9        android:minSdkVersion="23"
9-->src/main/AndroidManifest.xml
10        android:targetSdkVersion="29" />
10-->src/main/AndroidManifest.xml
11
12    <supports-screens
12-->src/main/AndroidManifest.xml:3:3-163
13        android:anyDensity="true"
13-->src/main/AndroidManifest.xml:3:135-160
14        android:largeScreens="true"
14-->src/main/AndroidManifest.xml:3:78-105
15        android:normalScreens="true"
15-->src/main/AndroidManifest.xml:3:49-77
16        android:smallScreens="true"
16-->src/main/AndroidManifest.xml:3:21-48
17        android:xlargeScreens="true" />
17-->src/main/AndroidManifest.xml:3:106-134
18
19    <uses-feature android:glEsVersion="0x00030000" />
19-->[:unityLibrary] AndroidManifest.xml:13:5-54
19-->[:unityLibrary] AndroidManifest.xml:13:19-51
20
21    <uses-permission android:name="android.permission.INTERNET" />
21-->[:unityLibrary] AndroidManifest.xml:15:5-67
21-->[:unityLibrary] AndroidManifest.xml:15:22-64
22    <uses-permission android:name="android.permission.RECORD_AUDIO" />
22-->[:unityLibrary] AndroidManifest.xml:16:5-71
22-->[:unityLibrary] AndroidManifest.xml:16:22-68
23    <uses-permission android:name="android.permission.MODIFY_AUDIO_SETTINGS" />
23-->[:unityLibrary] AndroidManifest.xml:17:5-80
23-->[:unityLibrary] AndroidManifest.xml:17:22-77
24
25    <uses-feature
25-->[:unityLibrary] AndroidManifest.xml:19:5-21:36
26        android:name="android.hardware.microphone"
26-->[:unityLibrary] AndroidManifest.xml:20:9-51
27        android:required="false" />
27-->[:unityLibrary] AndroidManifest.xml:21:9-33
28    <uses-feature
28-->[:unityLibrary] AndroidManifest.xml:22:5-24:36
29        android:name="android.hardware.touchscreen"
29-->[:unityLibrary] AndroidManifest.xml:23:9-52
30        android:required="false" />
30-->[:unityLibrary] AndroidManifest.xml:24:9-33
31    <uses-feature
31-->[:unityLibrary] AndroidManifest.xml:25:5-27:36
32        android:name="android.hardware.touchscreen.multitouch"
32-->[:unityLibrary] AndroidManifest.xml:26:9-63
33        android:required="false" />
33-->[:unityLibrary] AndroidManifest.xml:27:9-33
34    <uses-feature
34-->[:unityLibrary] AndroidManifest.xml:28:5-30:36
35        android:name="android.hardware.touchscreen.multitouch.distinct"
35-->[:unityLibrary] AndroidManifest.xml:29:9-72
36        android:required="false" />
36-->[:unityLibrary] AndroidManifest.xml:30:9-33
37    <uses-feature
37-->[:unityLibrary] AndroidManifest.xml:31:5-34:31
38        android:name="android.hardware.vr.headtracking"
38-->[:unityLibrary] AndroidManifest.xml:32:9-56
39        android:required="true"
39-->[:unityLibrary] AndroidManifest.xml:33:9-32
40        android:version="1" />
40-->[:unityLibrary] AndroidManifest.xml:34:9-28
41    <uses-feature
41-->[:unityLibrary] AndroidManifest.xml:35:5-37:35
42        android:name="com.oculus.experimental.enabled"
42-->[:unityLibrary] AndroidManifest.xml:36:9-55
43        android:required="true" />
43-->[:unityLibrary] AndroidManifest.xml:37:9-32
44    <uses-feature
44-->[:unityLibrary] AndroidManifest.xml:38:5-40:35
45        android:name="com.oculus.feature.PASSTHROUGH"
45-->[:unityLibrary] AndroidManifest.xml:39:9-54
46        android:required="true" />
46-->[:unityLibrary] AndroidManifest.xml:40:9-32
47
48    <application
48-->src/main/AndroidManifest.xml:4:3-83
49        android:allowBackup="false"
49-->[:unityLibrary] AndroidManifest.xml:43:9-36
50        android:debuggable="true"
51        android:extractNativeLibs="true"
51-->[:unityLibrary] AndroidManifest.xml:44:9-41
52        android:icon="@mipmap/app_icon"
52-->src/main/AndroidManifest.xml:4:49-80
53        android:label="@string/app_name"
53-->src/main/AndroidManifest.xml:4:16-48
54        android:networkSecurityConfig="@xml/network_sec_config" >
54-->[:unityLibrary] AndroidManifest.xml:47:9-64
55        <activity
55-->[:unityLibrary] AndroidManifest.xml:48:9-72:20
56            android:name="com.unity3d.player.UnityPlayerActivity"
56-->[:unityLibrary] AndroidManifest.xml:49:13-66
57            android:configChanges="keyboard|keyboardHidden|navigation|orientation|screenLayout|screenSize|uiMode"
57-->[:unityLibrary] AndroidManifest.xml:50:13-114
58            android:hardwareAccelerated="false"
58-->[:unityLibrary] AndroidManifest.xml:51:13-48
59            android:launchMode="singleTask"
59-->[:unityLibrary] AndroidManifest.xml:52:13-44
60            android:resizeableActivity="false"
60-->[:unityLibrary] AndroidManifest.xml:53:13-47
61            android:screenOrientation="landscape"
61-->[:unityLibrary] AndroidManifest.xml:54:13-50
62            android:theme="@android:style/Theme.Black.NoTitleBar.Fullscreen" >
62-->[:unityLibrary] AndroidManifest.xml:55:13-77
63            <intent-filter>
63-->[:unityLibrary] AndroidManifest.xml:56:13-61:29
64                <action android:name="android.intent.action.MAIN" />
64-->[:unityLibrary] AndroidManifest.xml:57:17-69
64-->[:unityLibrary] AndroidManifest.xml:57:25-66
65
66                <category android:name="android.intent.category.LAUNCHER" />
66-->[:unityLibrary] AndroidManifest.xml:59:17-77
66-->[:unityLibrary] AndroidManifest.xml:59:27-74
67                <category android:name="com.oculus.intent.category.VR" />
67-->[:unityLibrary] AndroidManifest.xml:60:17-74
67-->[:unityLibrary] AndroidManifest.xml:60:27-71
68            </intent-filter>
69
70            <meta-data
70-->[:unityLibrary] AndroidManifest.xml:63:13-65:40
71                android:name="unityplayer.UnityActivity"
71-->[:unityLibrary] AndroidManifest.xml:64:17-57
72                android:value="true" />
72-->[:unityLibrary] AndroidManifest.xml:65:17-37
73            <meta-data
73-->[:unityLibrary] AndroidManifest.xml:66:13-68:40
74                android:name="android.notch_support"
74-->[:unityLibrary] AndroidManifest.xml:67:17-53
75                android:value="true" />
75-->[:unityLibrary] AndroidManifest.xml:68:17-37
76            <meta-data
76-->[:unityLibrary] AndroidManifest.xml:69:13-71:40
77                android:name="com.oculus.vr.focusaware"
77-->[:unityLibrary] AndroidManifest.xml:70:17-56
78                android:value="true" />
78-->[:unityLibrary] AndroidManifest.xml:71:17-37
79        </activity>
80
81        <meta-data
81-->[:unityLibrary] AndroidManifest.xml:74:9-76:33
82            android:name="unity.splash-mode"
82-->[:unityLibrary] AndroidManifest.xml:75:13-45
83            android:value="0" />
83-->[:unityLibrary] AndroidManifest.xml:76:13-30
84        <meta-data
84-->[:unityLibrary] AndroidManifest.xml:77:9-79:36
85            android:name="unity.splash-enable"
85-->[:unityLibrary] AndroidManifest.xml:78:13-47
86            android:value="True" />
86-->[:unityLibrary] AndroidManifest.xml:79:13-33
87        <meta-data
87-->[:unityLibrary] AndroidManifest.xml:80:9-82:36
88            android:name="unity.launch-fullscreen"
88-->[:unityLibrary] AndroidManifest.xml:81:13-51
89            android:value="True" />
89-->[:unityLibrary] AndroidManifest.xml:82:13-33
90        <meta-data
90-->[:unityLibrary] AndroidManifest.xml:83:9-85:37
91            android:name="unity.allow-resizable-window"
91-->[:unityLibrary] AndroidManifest.xml:84:13-56
92            android:value="False" />
92-->[:unityLibrary] AndroidManifest.xml:85:13-34
93        <meta-data
93-->[:unityLibrary] AndroidManifest.xml:86:9-88:50
94            android:name="notch.config"
94-->[:unityLibrary] AndroidManifest.xml:87:13-40
95            android:value="portrait|landscape" />
95-->[:unityLibrary] AndroidManifest.xml:88:13-47
96        <meta-data
96-->[:unityLibrary] AndroidManifest.xml:89:9-91:39
97            android:name="com.samsung.android.vr.application.mode"
97-->[:unityLibrary] AndroidManifest.xml:90:13-67
98            android:value="vr_only" />
98-->[:unityLibrary] AndroidManifest.xml:91:13-36
99        <meta-data
99-->[:unityLibrary] AndroidManifest.xml:92:9-94:37
100            android:name="com.unity.xr.oculus.LowOverheadMode"
100-->[:unityLibrary] AndroidManifest.xml:93:13-63
101            android:value="false" />
101-->[:unityLibrary] AndroidManifest.xml:94:13-34
102        <meta-data
102-->[:unityLibrary] AndroidManifest.xml:95:9-97:37
103            android:name="com.unity.xr.oculus.LateLatching"
103-->[:unityLibrary] AndroidManifest.xml:96:13-60
104            android:value="false" />
104-->[:unityLibrary] AndroidManifest.xml:97:13-34
105        <meta-data
105-->[:unityLibrary] AndroidManifest.xml:98:9-100:37
106            android:name="com.unity.xr.oculus.LateLatchingDebug"
106-->[:unityLibrary] AndroidManifest.xml:99:13-65
107            android:value="false" />
107-->[:unityLibrary] AndroidManifest.xml:100:13-34
108        <meta-data
108-->[:unityLibrary] AndroidManifest.xml:101:9-103:44
109            android:name="com.oculus.supportedDevices"
109-->[:unityLibrary] AndroidManifest.xml:102:13-55
110            android:value="quest|quest2" />
110-->[:unityLibrary] AndroidManifest.xml:103:13-41
111    </application>
112
113</manifest>